This file contains any messages produced by compilers while
running configure, to aid debugging if configure makes a mistake.

It was created by yaml configure 0.1.3, which was
generated by GNU Autoconf 2.63.  Invocation command line was

  $ ./configure 

## --------- ##
## Platform. ##
## --------- ##

hostname = Christopher-Whitmans-MacBook-Pro.local
uname -m = i386
uname -r = 10.7.0
uname -s = Darwin
uname -v = Darwin Kernel Version 10.7.0: Sat Jan 29 15:17:16 PST 2011; root:xnu-1504.9.37~1/RELEASE_I386

/usr/bin/uname -p = i386
/bin/uname -X     = unknown

/bin/arch              = unknown
/usr/bin/arch -k       = unknown
/usr/convex/getsysinfo = unknown
/usr/bin/hostinfo      = Mach kernel version:
	 Darwin Kernel Version 10.7.0: Sat Jan 29 15:17:16 PST 2011; root:xnu-1504.9.37~1/RELEASE_I386
Kernel configured for up to 4 processors.
2 processors are physically available.
4 processors are logically available.
Processor type: i486 (Intel 80486)
Processors active: 0 1 2 3
Primary memory available: 4.00 gigabytes
Default processor set: 87 tasks, 466 threads, 4 processors
Load average: 1.89, Mach factor: 2.48
/bin/machine           = unknown
/usr/bin/oslevel       = unknown
/bin/universe          = unknown

PATH: /usr/local/bin
PATH: /usr/local/sbin
PATH: /usr/local/mysql/bin
PATH: /usr/bin
PATH: /bin
PATH: /usr/sbin
PATH: /sbin
PATH: /usr/local/bin
PATH: /usr/X11/bin
PATH: /Users/Chris/.rvm/bin


## ----------- ##
## Core tests. ##
## ----------- ##

configure:2073: checking for a BSD-compatible install
configure:2141: result: /usr/bin/install -c
configure:2152: checking whether build environment is sane
configure:2195: result: yes
configure:2220: checking for a thread-safe mkdir -p
configure:2259: result: config/install-sh -c -d
configure:2272: checking for gawk
configure:2302: result: no
configure:2272: checking for mawk
configure:2302: result: no
configure:2272: checking for nawk
configure:2302: result: no
configure:2272: checking for awk
configure:2288: found /usr/bin/awk
configure:2299: result: awk
configure:2310: checking whether make sets $(MAKE)
configure:2332: result: yes
configure:2600: checking for gcc
configure:2616: found /usr/bin/gcc
configure:2627: result: gcc
configure:2859: checking for C compiler version
configure:2867: gcc --version >&5
i686-apple-darwin10-gcc-4.2.1 (GCC) 4.2.1 (Apple Inc. build 5666) (dot 3)
Copyright (C) 2007 Free Software Foundation, Inc.
This is free software; see the source for copying conditions.  There is NO
warranty; not even for MERCHANTABILITY or FITNESS FOR A PARTICULAR PURPOSE.

configure:2871: $? = 0
configure:2878: gcc -v >&5
Using built-in specs.
Target: i686-apple-darwin10
Configured with: /var/tmp/gcc/gcc-5666.3~123/src/configure --disable-checking --enable-werror --prefix=/usr --mandir=/share/man --enable-languages=c,objc,c++,obj-c++ --program-transform-name=/^[cg][^.-]*$/s/$/-4.2/ --with-slibdir=/usr/lib --build=i686-apple-darwin10 --program-prefix=i686-apple-darwin10- --host=x86_64-apple-darwin10 --target=i686-apple-darwin10 --with-gxx-include-dir=/include/c++/4.2.1
Thread model: posix
gcc version 4.2.1 (Apple Inc. build 5666) (dot 3)
configure:2882: $? = 0
configure:2889: gcc -V >&5
gcc-4.2: argument to `-V' is missing
configure:2893: $? = 1
configure:2916: checking for C compiler default output file name
configure:2938: gcc    conftest.c  >&5
configure:2942: $? = 0
configure:2980: result: a.out
configure:2999: checking whether the C compiler works
configure:3009: ./a.out
configure:3013: $? = 0
configure:3032: result: yes
configure:3039: checking whether we are cross compiling
configure:3041: result: no
configure:3044: checking for suffix of executables
configure:3051: gcc -o conftest    conftest.c  >&5
configure:3055: $? = 0
configure:3081: result: 
configure:3087: checking for suffix of object files
configure:3113: gcc -c   conftest.c >&5
configure:3117: $? = 0
configure:3142: result: o
configure:3146: checking whether we are using the GNU C compiler
configure:3175: gcc -c   conftest.c >&5
configure:3182: $? = 0
configure:3199: result: yes
configure:3208: checking whether gcc accepts -g
configure:3238: gcc -c -g  conftest.c >&5
configure:3245: $? = 0
configure:3346: result: yes
configure:3363: checking for gcc option to accept ISO C89
configure:3437: gcc  -c -g -O2  conftest.c >&5
configure:3444: $? = 0
configure:3467: result: none needed
configure:3496: checking for style of include used by make
configure:3524: result: GNU
configure:3549: checking dependency style of gcc
configure:3640: result: gcc3
configure:3660: checking how to run the C preprocessor
configure:3700: gcc -E  conftest.c
configure:3707: $? = 0
configure:3738: gcc -E  conftest.c
conftest.c:14:28: error: ac_nonexistent.h: No such file or directory
configure:3745: $? = 1
configure: failed program was:
| /* confdefs.h.  */
| #define PACKAGE_NAME "yaml"
| #define PACKAGE_TARNAME "yaml"
| #define PACKAGE_VERSION "0.1.3"
| #define PACKAGE_STRING "yaml 0.1.3"
| #define PACKAGE_BUGREPORT "http://pyyaml.org/newticket?component=libyaml"
| #define PACKAGE "yaml"
| #define VERSION "0.1.3"
| #define YAML_VERSION_MAJOR 0
| #define YAML_VERSION_MINOR 1
| #define YAML_VERSION_PATCH 3
| #define YAML_VERSION_STRING "0.1.3"
| /* end confdefs.h.  */
| #include <ac_nonexistent.h>
configure:3778: result: gcc -E
configure:3807: gcc -E  conftest.c
configure:3814: $? = 0
configure:3845: gcc -E  conftest.c
conftest.c:14:28: error: ac_nonexistent.h: No such file or directory
configure:3852: $? = 1
configure: failed program was:
| /* confdefs.h.  */
| #define PACKAGE_NAME "yaml"
| #define PACKAGE_TARNAME "yaml"
| #define PACKAGE_VERSION "0.1.3"
| #define PACKAGE_STRING "yaml 0.1.3"
| #define PACKAGE_BUGREPORT "http://pyyaml.org/newticket?component=libyaml"
| #define PACKAGE "yaml"
| #define VERSION "0.1.3"
| #define YAML_VERSION_MAJOR 0
| #define YAML_VERSION_MINOR 1
| #define YAML_VERSION_PATCH 3
| #define YAML_VERSION_STRING "0.1.3"
| /* end confdefs.h.  */
| #include <ac_nonexistent.h>
configure:3905: checking for a BSD-compatible install
configure:3973: result: /usr/bin/install -c
configure:3984: checking whether ln -s works
configure:3988: result: yes
configure:3995: checking whether make sets $(MAKE)
configure:4017: result: yes
configure:4057: checking build system type
configure:4075: result: i386-apple-darwin10.7.0
configure:4097: checking host system type
configure:4112: result: i386-apple-darwin10.7.0
configure:4134: checking for a sed that does not truncate output
configure:4200: result: /usr/bin/sed
configure:4218: checking for grep that handles long lines and -e
configure:4278: result: /usr/bin/grep
configure:4283: checking for egrep
configure:4347: result: /usr/bin/grep -E
configure:4352: checking for fgrep
configure:4416: result: /usr/bin/grep -F
configure:4451: checking for ld used by gcc
configure:4518: result: /usr/libexec/gcc/i686-apple-darwin10/4.2.1/ld
configure:4527: checking if the linker (/usr/libexec/gcc/i686-apple-darwin10/4.2.1/ld) is GNU ld
configure:4542: result: no
configure:4554: checking for BSD- or MS-compatible name lister (nm)
configure:4603: result: /usr/bin/nm
configure:4721: checking the name lister (/usr/bin/nm) interface
configure:4728: gcc -c -g -O2  conftest.c >&5
configure:4731: /usr/bin/nm "conftest.o"
configure:4734: output
0000000000000198 D _some_variable
configure:4741: result: BSD nm
configure:4745: checking the maximum length of command line arguments
configure:4865: result: 196608
configure:4882: checking whether the shell understands some XSI constructs
configure:4892: result: yes
configure:4896: checking whether the shell understands "+="
configure:4902: result: yes
configure:4937: checking for /usr/libexec/gcc/i686-apple-darwin10/4.2.1/ld option to reload object files
configure:4944: result: -r
configure:5013: checking for objdump
configure:5043: result: no
configure:5072: checking how to recognize dependent libraries
configure:5268: result: pass_all
configure:5328: checking for ar
configure:5344: found /usr/bin/ar
configure:5355: result: ar
configure:5433: checking for strip
configure:5449: found /usr/bin/strip
configure:5460: result: strip
configure:5532: checking for ranlib
configure:5548: found /usr/bin/ranlib
configure:5559: result: ranlib
configure:5649: checking command to parse /usr/bin/nm output from gcc object
configure:5767: gcc -c -g -O2  conftest.c >&5
configure:5770: $? = 0
configure:5774: /usr/bin/nm conftest.o \| sed -n -e 's/^.*[	 ]\([BCDEGRST][BCDEGRST]*\)[	 ][	 ]*\([_A-Za-z][_A-Za-z0-9]*\)$/\1 \2 \2/p' \> conftest.nm
configure:5777: $? = 0
cannot find nm_test_var in conftest.nm
configure:5767: gcc -c -g -O2  conftest.c >&5
configure:5770: $? = 0
configure:5774: /usr/bin/nm conftest.o \| sed -n -e 's/^.*[	 ]\([BCDEGRST][BCDEGRST]*\)[	 ][	 ]*_\([_A-Za-z][_A-Za-z0-9]*\)$/\1 _\2 \2/p' \> conftest.nm
configure:5777: $? = 0
configure:5831: gcc -o conftest -g -O2   conftest.c conftstm.o >&5
configure:5834: $? = 0
configure:5872: result: ok
configure:6166: checking for dsymutil
configure:6182: found /usr/bin/dsymutil
configure:6193: result: dsymutil
configure:6258: checking for nmedit
configure:6274: found /usr/bin/nmedit
configure:6285: result: nmedit
configure:6350: checking for lipo
configure:6366: found /usr/bin/lipo
configure:6377: result: lipo
configure:6442: checking for otool
configure:6458: found /usr/bin/otool
configure:6469: result: otool
configure:6534: checking for otool64
configure:6564: result: no
configure:6609: checking for -single_module linker flag
gcc -g -O2  -o libconftest.dylib -dynamiclib -Wl,-single_module conftest.c
configure:6636: result: yes
configure:6638: checking for -exported_symbols_list linker flag
configure:6668: gcc -o conftest -g -O2   -Wl,-exported_symbols_list,conftest.sym conftest.c  >&5
configure:6675: $? = 0
configure:6697: result: yes
configure:6735: checking for ANSI C header files
configure:6765: gcc -c -g -O2  conftest.c >&5
configure:6772: $? = 0
configure:6871: gcc -o conftest -g -O2   conftest.c  >&5
configure:6875: $? = 0
configure:6881: ./conftest
configure:6885: $? = 0
configure:6903: result: yes
configure:6927: checking for sys/types.h
configure:6948: gcc -c -g -O2  conftest.c >&5
configure:6955: $? = 0
configure:6972: result: yes
configure:6927: checking for sys/stat.h
configure:6948: gcc -c -g -O2  conftest.c >&5
configure:6955: $? = 0
configure:6972: result: yes
configure:6927: checking for stdlib.h
configure:6948: gcc -c -g -O2  conftest.c >&5
configure:6955: $? = 0
configure:6972: result: yes
configure:6927: checking for string.h
configure:6948: gcc -c -g -O2  conftest.c >&5
configure:6955: $? = 0
configure:6972: result: yes
configure:6927: checking for memory.h
configure:6948: gcc -c -g -O2  conftest.c >&5
configure:6955: $? = 0
configure:6972: result: yes
configure:6927: checking for strings.h
configure:6948: gcc -c -g -O2  conftest.c >&5
configure:6955: $? = 0
configure:6972: result: yes
configure:6927: checking for inttypes.h
configure:6948: gcc -c -g -O2  conftest.c >&5
configure:6955: $? = 0
configure:6972: result: yes
configure:6927: checking for stdint.h
configure:6948: gcc -c -g -O2  conftest.c >&5
configure:6955: $? = 0
configure:6972: result: yes
configure:6927: checking for unistd.h
configure:6948: gcc -c -g -O2  conftest.c >&5
configure:6955: $? = 0
configure:6972: result: yes
configure:6990: checking for dlfcn.h
configure:7011: gcc -c -g -O2  conftest.c >&5
configure:7018: $? = 0
configure:7035: result: yes
configure:7221: checking for objdir
configure:7236: result: .libs
configure:7528: checking if gcc supports -fno-rtti -fno-exceptions
configure:7546: gcc -c -g -O2  -fno-rtti -fno-exceptions conftest.c >&5
cc1: warning: command line option "-fno-rtti" is valid for C++/ObjC++ but not for C
configure:7550: $? = 0
configure:7563: result: no
configure:7583: checking for gcc option to produce PIC
configure:7855: result: -fno-common -DPIC
configure:7867: checking if gcc PIC flag -fno-common -DPIC works
configure:7885: gcc -c -g -O2  -fno-common -DPIC -DPIC conftest.c >&5
configure:7889: $? = 0
configure:7902: result: yes
configure:7926: checking if gcc static flag -static works
configure:7954: result: no
configure:7969: checking if gcc supports -c -o file.o
configure:7990: gcc -c -g -O2  -o out/conftest2.o conftest.c >&5
configure:7994: $? = 0
configure:8016: result: yes
configure:8024: checking if gcc supports -c -o file.o
configure:8071: result: yes
configure:8104: checking whether the gcc linker (/usr/libexec/gcc/i686-apple-darwin10/4.2.1/ld) supports shared libraries
configure:9179: result: yes
configure:9418: checking dynamic linker characteristics
configure:10113: result: darwin10.7.0 dyld
configure:10215: checking how to hardcode library paths into programs
configure:10240: result: immediate
configure:11073: checking whether stripping libraries is possible
configure:11087: result: yes
configure:11113: checking if libtool supports shared libraries
configure:11115: result: yes
configure:11118: checking whether to build shared libraries
configure:11139: result: yes
configure:11142: checking whether to build static libraries
configure:11146: result: yes
configure:11184: checking for doxygen
configure:11212: result: false
configure:11230: checking for ANSI C header files
configure:11398: result: yes
configure:11413: checking for stdlib.h
configure:11420: result: yes
configure:11561: checking for an ANSI C-conforming const
configure:11636: gcc -c -g -O2  conftest.c >&5
configure:11643: $? = 0
configure:11658: result: yes
configure:11668: checking for size_t
configure:11696: gcc -c -g -O2  conftest.c >&5
configure:11703: $? = 0
configure:11730: gcc -c -g -O2  conftest.c >&5
conftest.c: In function 'main':
conftest.c:64: error: expected expression before ')' token
configure:11737: $? = 1
configure: failed program was:
| /* confdefs.h.  */
| #define PACKAGE_NAME "yaml"
| #define PACKAGE_TARNAME "yaml"
| #define PACKAGE_VERSION "0.1.3"
| #define PACKAGE_STRING "yaml 0.1.3"
| #define PACKAGE_BUGREPORT "http://pyyaml.org/newticket?component=libyaml"
| #define PACKAGE "yaml"
| #define VERSION "0.1.3"
| #define YAML_VERSION_MAJOR 0
| #define YAML_VERSION_MINOR 1
| #define YAML_VERSION_PATCH 3
| #define YAML_VERSION_STRING "0.1.3"
| #define STDC_HEADERS 1
| #define HAVE_SYS_TYPES_H 1
| #define HAVE_SYS_STAT_H 1
| #define HAVE_STDLIB_H 1
| #define HAVE_STRING_H 1
| #define HAVE_MEMORY_H 1
| #define HAVE_STRINGS_H 1
| #define HAVE_INTTYPES_H 1
| #define HAVE_STDINT_H 1
| #define HAVE_UNISTD_H 1
| #define HAVE_DLFCN_H 1
| #define LT_OBJDIR ".libs/"
| #define STDC_HEADERS 1
| #define HAVE_STDLIB_H 1
| /* end confdefs.h.  */
| #include <stdio.h>
| #ifdef HAVE_SYS_TYPES_H
| # include <sys/types.h>
| #endif
| #ifdef HAVE_SYS_STAT_H
| # include <sys/stat.h>
| #endif
| #ifdef STDC_HEADERS
| # include <stdlib.h>
| # include <stddef.h>
| #else
| # ifdef HAVE_STDLIB_H
| #  include <stdlib.h>
| # endif
| #endif
| #ifdef HAVE_STRING_H
| # if !defined STDC_HEADERS && defined HAVE_MEMORY_H
| #  include <memory.h>
| # endif
| # include <string.h>
| #endif
| #ifdef HAVE_STRINGS_H
| # include <strings.h>
| #endif
| #ifdef HAVE_INTTYPES_H
| # include <inttypes.h>
| #endif
| #ifdef HAVE_STDINT_H
| # include <stdint.h>
| #endif
| #ifdef HAVE_UNISTD_H
| # include <unistd.h>
| #endif
| int
| main ()
| {
| if (sizeof ((size_t)))
| 	  return 0;
|   ;
|   return 0;
| }
configure:11760: result: yes
configure:11901: creating ./config.status

## ---------------------- ##
## Running config.status. ##
## ---------------------- ##

This file was extended by yaml config.status 0.1.3, which was
generated by GNU Autoconf 2.63.  Invocation command line was

  CONFIG_FILES    = 
  CONFIG_HEADERS  = 
  CONFIG_LINKS    = 
  CONFIG_COMMANDS = 
  $ ./config.status 

on Christopher-Whitmans-MacBook-Pro.local

config.status:995: creating include/Makefile
config.status:995: creating src/Makefile
config.status:995: creating Makefile
config.status:995: creating tests/Makefile
config.status:995: creating win32/Makefile
config.status:995: creating config.h
config.status:1269: executing depfiles commands
config.status:1269: executing libtool commands

## ---------------- ##
## Cache variables. ##
## ---------------- ##

ac_cv_build=i386-apple-darwin10.7.0
ac_cv_c_compiler_gnu=yes
ac_cv_c_const=yes
ac_cv_env_CC_set=
ac_cv_env_CC_value=
ac_cv_env_CFLAGS_set=
ac_cv_env_CFLAGS_value=
ac_cv_env_CPPFLAGS_set=
ac_cv_env_CPPFLAGS_value=
ac_cv_env_CPP_set=
ac_cv_env_CPP_value=
ac_cv_env_LDFLAGS_set=
ac_cv_env_LDFLAGS_value=
ac_cv_env_LIBS_set=
ac_cv_env_LIBS_value=
ac_cv_env_build_alias_set=
ac_cv_env_build_alias_value=
ac_cv_env_host_alias_set=
ac_cv_env_host_alias_value=
ac_cv_env_target_alias_set=
ac_cv_env_target_alias_value=
ac_cv_header_dlfcn_h=yes
ac_cv_header_inttypes_h=yes
ac_cv_header_memory_h=yes
ac_cv_header_stdc=yes
ac_cv_header_stdint_h=yes
ac_cv_header_stdlib_h=yes
ac_cv_header_string_h=yes
ac_cv_header_strings_h=yes
ac_cv_header_sys_stat_h=yes
ac_cv_header_sys_types_h=yes
ac_cv_header_unistd_h=yes
ac_cv_host=i386-apple-darwin10.7.0
ac_cv_objext=o
ac_cv_path_EGREP='/usr/bin/grep -E'
ac_cv_path_FGREP='/usr/bin/grep -F'
ac_cv_path_GREP=/usr/bin/grep
ac_cv_path_SED=/usr/bin/sed
ac_cv_path_install='/usr/bin/install -c'
ac_cv_prog_AWK=awk
ac_cv_prog_CPP='gcc -E'
ac_cv_prog_DOXYGEN=false
ac_cv_prog_ac_ct_AR=ar
ac_cv_prog_ac_ct_CC=gcc
ac_cv_prog_ac_ct_DSYMUTIL=dsymutil
ac_cv_prog_ac_ct_LIPO=lipo
ac_cv_prog_ac_ct_NMEDIT=nmedit
ac_cv_prog_ac_ct_OTOOL=otool
ac_cv_prog_ac_ct_RANLIB=ranlib
ac_cv_prog_ac_ct_STRIP=strip
ac_cv_prog_cc_c89=
ac_cv_prog_cc_g=yes
ac_cv_prog_make_make_set=yes
ac_cv_type_size_t=yes
am_cv_CC_dependencies_compiler_type=gcc3
lt_cv_apple_cc_single_mod=yes
lt_cv_deplibs_check_method=pass_all
lt_cv_file_magic_cmd='$MAGIC_CMD'
lt_cv_file_magic_test_file=
lt_cv_ld_exported_symbols_list=yes
lt_cv_ld_reload_flag=-r
lt_cv_nm_interface='BSD nm'
lt_cv_objdir=.libs
lt_cv_path_LD=/usr/libexec/gcc/i686-apple-darwin10/4.2.1/ld
lt_cv_path_NM=/usr/bin/nm
lt_cv_prog_compiler_c_o=yes
lt_cv_prog_compiler_pic_works=yes
lt_cv_prog_compiler_rtti_exceptions=no
lt_cv_prog_compiler_static_works=no
lt_cv_prog_gnu_ld=no
lt_cv_sys_global_symbol_pipe='sed -n -e '\''s/^.*[	 ]\([BCDEGRST][BCDEGRST]*\)[	 ][	 ]*_\([_A-Za-z][_A-Za-z0-9]*\)$/\1 _\2 \2/p'\'''
lt_cv_sys_global_symbol_to_c_name_address='sed -n -e '\''s/^: \([^ ]*\) $/  {\"\1\", (void *) 0},/p'\'' -e '\''s/^[BCDEGRST]* \([^ ]*\) \([^ ]*\)$/  {"\2", (void *) \&\2},/p'\'''
lt_cv_sys_global_symbol_to_c_name_address_lib_prefix='sed -n -e '\''s/^: \([^ ]*\) $/  {\"\1\", (void *) 0},/p'\'' -e '\''s/^[BCDEGRST]* \([^ ]*\) \(lib[^ ]*\)$/  {"\2", (void *) \&\2},/p'\'' -e '\''s/^[BCDEGRST]* \([^ ]*\) \([^ ]*\)$/  {"lib\2", (void *) \&\2},/p'\'''
lt_cv_sys_global_symbol_to_cdecl='sed -n -e '\''s/^T .* \(.*\)$/extern int \1();/p'\'' -e '\''s/^[BCDEGRST]* .* \(.*\)$/extern char \1;/p'\'''
lt_cv_sys_max_cmd_len=196608

## ----------------- ##
## Output variables. ##
## ----------------- ##

ACLOCAL='${SHELL} /Users/Chris/desktop/YAMLforObjC/YAML4ObjC/libyaml/config/missing --run aclocal-1.10'
AMDEPBACKSLASH='\'
AMDEP_FALSE='#'
AMDEP_TRUE=''
AMTAR='${SHELL} /Users/Chris/desktop/YAMLforObjC/YAML4ObjC/libyaml/config/missing --run tar'
AR='ar'
AUTOCONF='${SHELL} /Users/Chris/desktop/YAMLforObjC/YAML4ObjC/libyaml/config/missing --run autoconf'
AUTOHEADER='${SHELL} /Users/Chris/desktop/YAMLforObjC/YAML4ObjC/libyaml/config/missing --run autoheader'
AUTOMAKE='${SHELL} /Users/Chris/desktop/YAMLforObjC/YAML4ObjC/libyaml/config/missing --run automake-1.10'
AWK='awk'
CC='gcc'
CCDEPMODE='depmode=gcc3'
CFLAGS='-g -O2'
CPP='gcc -E'
CPPFLAGS=''
CYGPATH_W='echo'
DEFS='-DHAVE_CONFIG_H'
DEPDIR='.deps'
DOXYGEN='false'
DOXYGEN_FALSE=''
DOXYGEN_TRUE='#'
DSYMUTIL='dsymutil'
DUMPBIN=''
ECHO_C='\c'
ECHO_N=''
ECHO_T=''
EGREP='/usr/bin/grep -E'
EXEEXT=''
FGREP='/usr/bin/grep -F'
GREP='/usr/bin/grep'
INSTALL_DATA='${INSTALL} -m 644'
INSTALL_PROGRAM='${INSTALL}'
INSTALL_SCRIPT='${INSTALL}'
INSTALL_STRIP_PROGRAM='$(install_sh) -c -s'
LD='/usr/libexec/gcc/i686-apple-darwin10/4.2.1/ld'
LDFLAGS=''
LIBOBJS=''
LIBS=''
LIBTOOL='$(SHELL) $(top_builddir)/libtool'
LIPO='lipo'
LN_S='ln -s'
LTLIBOBJS=''
MAKEINFO='${SHELL} /Users/Chris/desktop/YAMLforObjC/YAML4ObjC/libyaml/config/missing --run makeinfo'
MKDIR_P='config/install-sh -c -d'
NM='/usr/bin/nm'
NMEDIT='nmedit'
OBJDUMP='false'
OBJEXT='o'
OTOOL64=':'
OTOOL='otool'
PACKAGE='yaml'
PACKAGE_BUGREPORT='http://pyyaml.org/newticket?component=libyaml'
PACKAGE_NAME='yaml'
PACKAGE_STRING='yaml 0.1.3'
PACKAGE_TARNAME='yaml'
PACKAGE_VERSION='0.1.3'
PATH_SEPARATOR=':'
RANLIB='ranlib'
SED='/usr/bin/sed'
SET_MAKE=''
SHELL='/bin/sh'
STRIP='strip'
VERSION='0.1.3'
YAML_LT_AGE='0'
YAML_LT_CURRENT='2'
YAML_LT_RELEASE='0'
YAML_LT_REVISION='1'
ac_ct_CC='gcc'
ac_ct_DUMPBIN=''
am__fastdepCC_FALSE='#'
am__fastdepCC_TRUE=''
am__include='include'
am__isrc=''
am__leading_dot='.'
am__quote=''
am__tar='${AMTAR} chof - "$$tardir"'
am__untar='${AMTAR} xf -'
bindir='${exec_prefix}/bin'
build='i386-apple-darwin10.7.0'
build_alias=''
build_cpu='i386'
build_os='darwin10.7.0'
build_vendor='apple'
datadir='${datarootdir}'
datarootdir='${prefix}/share'
docdir='${datarootdir}/doc/${PACKAGE_TARNAME}'
dvidir='${docdir}'
exec_prefix='${prefix}'
host='i386-apple-darwin10.7.0'
host_alias=''
host_cpu='i386'
host_os='darwin10.7.0'
host_vendor='apple'
htmldir='${docdir}'
includedir='${prefix}/include'
infodir='${datarootdir}/info'
install_sh='$(SHELL) /Users/Chris/desktop/YAMLforObjC/YAML4ObjC/libyaml/config/install-sh'
libdir='${exec_prefix}/lib'
libexecdir='${exec_prefix}/libexec'
localedir='${datarootdir}/locale'
localstatedir='${prefix}/var'
lt_ECHO='/bin/echo'
mandir='${datarootdir}/man'
mkdir_p='$(top_builddir)/config/install-sh -c -d'
oldincludedir='/usr/include'
pdfdir='${docdir}'
prefix='/usr/local'
program_transform_name='s,x,x,'
psdir='${docdir}'
sbindir='${exec_prefix}/sbin'
sharedstatedir='${prefix}/com'
sysconfdir='${prefix}/etc'
target_alias=''

## ----------- ##
## confdefs.h. ##
## ----------- ##

#define PACKAGE_NAME "yaml"
#define PACKAGE_TARNAME "yaml"
#define PACKAGE_VERSION "0.1.3"
#define PACKAGE_STRING "yaml 0.1.3"
#define PACKAGE_BUGREPORT "http://pyyaml.org/newticket?component=libyaml"
#define PACKAGE "yaml"
#define VERSION "0.1.3"
#define YAML_VERSION_MAJOR 0
#define YAML_VERSION_MINOR 1
#define YAML_VERSION_PATCH 3
#define YAML_VERSION_STRING "0.1.3"
#define STDC_HEADERS 1
#define HAVE_SYS_TYPES_H 1
#define HAVE_SYS_STAT_H 1
#define HAVE_STDLIB_H 1
#define HAVE_STRING_H 1
#define HAVE_MEMORY_H 1
#define HAVE_STRINGS_H 1
#define HAVE_INTTYPES_H 1
#define HAVE_STDINT_H 1
#define HAVE_UNISTD_H 1
#define HAVE_DLFCN_H 1
#define LT_OBJDIR ".libs/"
#define STDC_HEADERS 1
#define HAVE_STDLIB_H 1

configure: exit 0
